<?xml version="1.0" encoding="UTF-8"?>
<testng-results ignored="0" total="1" passed="1" failed="0" skipped="0">
  <reporter-output>
  </reporter-output>
  <suite started-at="2023-10-14T10:55:51 IST" name="CrmOpen" finished-at="2023-10-14T10:56:26 IST" duration-ms="34754">
    <groups>
    </groups>
    <test started-at="2023-10-14T10:55:51 IST" name="CrmOpen Test" finished-at="2023-10-14T10:56:26 IST" duration-ms="34754">
      <class name="com.Crm.testCases.TC_AddUser_003">
        <test-method is-config="true" signature="setup(java.lang.String)[pri:0, instance:com.Crm.testCases.TC_AddUser_003@3b69e7d1]" started-at="2023-10-14T10:55:52 IST" name="setup" finished-at="2023-10-14T10:56:00 IST" duration-ms="8108" status="PASS">
          <params>
            <param index="0">
              <value>
                <![CDATA[Chrome]]>
              </value>
            </param>
          </params>
          <reporter-output>
          </reporter-output>
        </test-method> <!-- setup -->
        <test-method signature="addUser()[pri:0, instance:com.Crm.testCases.TC_AddUser_003@3b69e7d1]" started-at="2023-10-14T10:56:00 IST" name="addUser" finished-at="2023-10-14T10:56:25 IST" duration-ms="25719" status="PASS">
          <reporter-output>
          </reporter-output>
        </test-method> <!-- addUser -->
        <test-method is-config="true" signature="tearDown()[pri:0, instance:com.Crm.testCases.TC_AddUser_003@3b69e7d1]" started-at="2023-10-14T10:56:25 IST" name="tearDown" finished-at="2023-10-14T10:56:26 IST" duration-ms="516" status="PASS">
          <reporter-output>
          </reporter-output>
        </test-method> <!-- tearDown -->
      </class> <!-- com.Crm.testCases.TC_AddUser_003 -->
    </test> <!-- CrmOpen Test -->
  </suite> <!-- CrmOpen -->
</testng-results>
